Using pre-set license
Built from '2020.3/staging' branch; Version is '2020.3.5f1 (8095aa901b9b) revision 8426922'; Using compiler version '192528614'; Build Type 'Release'
OS: 'Windows 10 Home Single Language; OS build 19042.928; Version 2009; 64bit' Language: 'en' Physical Memory: 7999 MB
BatchMode: 1, IsHumanControllingUs: 0, StartBugReporterOnCrash: 0, Is64bit: 1, IsPro: 0

 COMMAND LINE ARGUMENTS:
C:\Program Files\Unity\Hub\Editor\2020.3.5f1\Editor\Unity.exe
-adb2
-batchMode
-noUpm
-name
AssetImportWorker0
-projectPath
C:/Users/om_s/CircleAnim
-logFile
Logs/AssetImportWorker0.log
-srvPort
65327
Successfully changed project path to: C:/Users/om_s/CircleAnim
C:/Users/om_s/CircleAnim
Using Asset Import Pipeline V2.
Refreshing native plugins compatible for Editor in 37.22 ms, found 2 plugins.
Preloading 0 native plugins for Editor in 0.00 ms.
Initialize engine version: 2020.3.5f1 (8095aa901b9b)
[Subsystems] Discovering subsystems at path C:/Program Files/Unity/Hub/Editor/2020.3.5f1/Editor/Data/Resources/UnitySubsystems
[Subsystems] Discovering subsystems at path C:/Users/om_s/CircleAnim/Assets
GfxDevice: creating device client; threaded=0
Direct3D:
    Version:  Direct3D 11.0 [level 11.1]
    Renderer: NVIDIA GeForce GTX 1650 (ID=0x1f91)
    Vendor:   
    VRAM:     3962 MB
    Driver:   27.21.14.5763
Initialize mono
Mono path[0] = 'C:/Program Files/Unity/Hub/Editor/2020.3.5f1/Editor/Data/Managed'
Mono path[1] = 'C:/Program Files/Unity/Hub/Editor/2020.3.5f1/Editor/Data/MonoBleedingEdge/lib/mono/unityjit'
Mono config path = 'C:/Program Files/Unity/Hub/Editor/2020.3.5f1/Editor/Data/MonoBleedingEdge/etc'
Using monoOptions --debugger-agent=transport=dt_socket,embedding=1,server=y,suspend=n,address=127.0.0.1:56760
Begin MonoManager ReloadAssembly
Registering precompiled unity dll's ...
Register platform support module: C:/Program Files/Unity/Hub/Editor/2020.3.5f1/Editor/Data/PlaybackEngines/WindowsStandaloneSupport/UnityEditor.WindowsStandalone.Extensions.dll
Registered in 0.001917 seconds.
Native extension for WindowsStandalone target not found
Refreshing native plugins compatible for Editor in 35.28 ms, found 2 plugins.
Preloading 0 native plugins for Editor in 0.00 ms.
Mono: successfully reloaded assembly
- Completed reload, in  1.662 seconds
Platform modules already initialized, skipping
Registering precompiled user dll's ...
Registered in 0.001308 seconds.
Begin MonoManager ReloadAssembly
Native extension for WindowsStandalone target not found
Refreshing native plugins compatible for Editor in 33.97 ms, found 2 plugins.
Preloading 0 native plugins for Editor in 0.00 ms.
Mono: successfully reloaded assembly
- Completed reload, in  0.883 seconds
Platform modules already initialized, skipping
========================================================================
Worker process is ready to serve import requests
Launched and connected shader compiler UnityShaderCompiler.exe after 0.05 seconds
Refreshing native plugins compatible for Editor in 0.46 ms, found 2 plugins.
Preloading 0 native plugins for Editor in 0.00 ms.
Unloading 1904 Unused Serialized files (Serialized files now loaded: 0)
System memory in use before: 88.4 MB.
System memory in use after: 88.3 MB.

Unloading 25 unused Assets to reduce memory usage. Loaded Objects now: 2349.
Total: 2.802300 ms (FindLiveObjects: 0.350200 ms CreateObjectMapping: 0.426400 ms MarkObjects: 1.893700 ms  DeleteObjects: 0.129500 ms)

========================================================================
Received Import Request.
  path: Assets/scripts/Sector.cs
  artifactKey: Guid(10455a241ae3f7448bc55a79a2f0f0e8) Importer(815301076,1909f56bfc062723c751e8b465ee728b)
Start importing Assets/scripts/Sector.cs using Guid(10455a241ae3f7448bc55a79a2f0f0e8) Importer(815301076,1909f56bfc062723c751e8b465ee728b)  -> (artifact id: '1530033670dd7fe17ff6facc3dee0141') in 0.026534 seconds
  Import took 0.031106 seconds .

========================================================================
Received Import Request.
  Time since last request: 0.012408 seconds.
  path: Assets/scripts/Sector.cs
  artifactKey: Guid(10455a241ae3f7448bc55a79a2f0f0e8) Importer(815301076,1909f56bfc062723c751e8b465ee728b)
Start importing Assets/scripts/Sector.cs using Guid(10455a241ae3f7448bc55a79a2f0f0e8) Importer(815301076,1909f56bfc062723c751e8b465ee728b)  -> (artifact id: '1530033670dd7fe17ff6facc3dee0141') in 0.002941 seconds
  Import took 0.006334 seconds .

========================================================================
Received Prepare
Registering precompiled user dll's ...
Registered in 0.002737 seconds.
Begin MonoManager ReloadAssembly
Native extension for WindowsStandalone target not found
Refreshing native plugins compatible for Editor in 0.36 ms, found 2 plugins.
Preloading 0 native plugins for Editor in 0.00 ms.
Mono: successfully reloaded assembly
- Completed reload, in  0.819 seconds
Platform modules already initialized, skipping
Refreshing native plugins compatible for Editor in 0.37 ms, found 2 plugins.
Preloading 0 native plugins for Editor in 0.00 ms.
Unloading 1893 Unused Serialized files (Serialized files now loaded: 0)
System memory in use before: 88.1 MB.
System memory in use after: 88.1 MB.

Unloading 13 unused Assets to reduce memory usage. Loaded Objects now: 2354.
Total: 2.016500 ms (FindLiveObjects: 0.214700 ms CreateObjectMapping: 0.059500 ms MarkObjects: 1.648000 ms  DeleteObjects: 0.092500 ms)

========================================================================
Received Import Request.
  Time since last request: 117.453891 seconds.
  path: Assets/scripts/Sector.cs
  artifactKey: Guid(10455a241ae3f7448bc55a79a2f0f0e8) Importer(815301076,1909f56bfc062723c751e8b465ee728b)
Start importing Assets/scripts/Sector.cs using Guid(10455a241ae3f7448bc55a79a2f0f0e8) Importer(815301076,1909f56bfc062723c751e8b465ee728b)  -> (artifact id: 'f65e060bf71f79554c44c4d1a4d7883c') in 0.004352 seconds
  Import took 0.016469 seconds .

========================================================================
Received Prepare
Registering precompiled user dll's ...
Registered in 0.001339 seconds.
Begin MonoManager ReloadAssembly
Native extension for WindowsStandalone target not found
Refreshing native plugins compatible for Editor in 0.36 ms, found 2 plugins.
Preloading 0 native plugins for Editor in 0.00 ms.
Mono: successfully reloaded assembly
- Completed reload, in  0.859 seconds
Platform modules already initialized, skipping
Refreshing native plugins compatible for Editor in 0.36 ms, found 2 plugins.
Preloading 0 native plugins for Editor in 0.00 ms.
Unloading 1893 Unused Serialized files (Serialized files now loaded: 0)
System memory in use before: 88.1 MB.
System memory in use after: 88.1 MB.

Unloading 13 unused Assets to reduce memory usage. Loaded Objects now: 2359.
Total: 1.987100 ms (FindLiveObjects: 0.203800 ms CreateObjectMapping: 0.054800 ms MarkObjects: 1.631200 ms  DeleteObjects: 0.096000 ms)

========================================================================
Received Prepare
Registering precompiled user dll's ...
Registered in 0.002643 seconds.
Begin MonoManager ReloadAssembly
Native extension for WindowsStandalone target not found
Refreshing native plugins compatible for Editor in 0.48 ms, found 2 plugins.
Preloading 0 native plugins for Editor in 0.00 ms.
Mono: successfully reloaded assembly
- Completed reload, in  0.870 seconds
Platform modules already initialized, skipping
Refreshing native plugins compatible for Editor in 0.38 ms, found 2 plugins.
Preloading 0 native plugins for Editor in 0.00 ms.
Unloading 1893 Unused Serialized files (Serialized files now loaded: 0)
System memory in use before: 88.2 MB.
System memory in use after: 88.2 MB.

Unloading 13 unused Assets to reduce memory usage. Loaded Objects now: 2364.
Total: 2.381200 ms (FindLiveObjects: 0.380200 ms CreateObjectMapping: 0.138100 ms MarkObjects: 1.757300 ms  DeleteObjects: 0.103200 ms)

========================================================================
Received Prepare
Registering precompiled user dll's ...
Registered in 0.001264 seconds.
Begin MonoManager ReloadAssembly
Native extension for WindowsStandalone target not found
Refreshing native plugins compatible for Editor in 0.40 ms, found 2 plugins.
Preloading 0 native plugins for Editor in 0.00 ms.
Mono: successfully reloaded assembly
- Completed reload, in  0.897 seconds
Platform modules already initialized, skipping
Refreshing native plugins compatible for Editor in 0.41 ms, found 2 plugins.
Preloading 0 native plugins for Editor in 0.00 ms.
Unloading 1893 Unused Serialized files (Serialized files now loaded: 0)
System memory in use before: 88.2 MB.
System memory in use after: 88.2 MB.

Unloading 13 unused Assets to reduce memory usage. Loaded Objects now: 2369.
Total: 1.996600 ms (FindLiveObjects: 0.234000 ms CreateObjectMapping: 0.068400 ms MarkObjects: 1.602300 ms  DeleteObjects: 0.090900 ms)

========================================================================
Received Prepare
Registering precompiled user dll's ...
Registered in 0.001333 seconds.
Begin MonoManager ReloadAssembly
Native extension for WindowsStandalone target not found
Refreshing native plugins compatible for Editor in 0.38 ms, found 2 plugins.
Preloading 0 native plugins for Editor in 0.00 ms.
Mono: successfully reloaded assembly
- Completed reload, in  0.826 seconds
Platform modules already initialized, skipping
Refreshing native plugins compatible for Editor in 0.37 ms, found 2 plugins.
Preloading 0 native plugins for Editor in 0.00 ms.
Unloading 1893 Unused Serialized files (Serialized files now loaded: 0)
System memory in use before: 88.2 MB.
System memory in use after: 88.2 MB.

Unloading 13 unused Assets to reduce memory usage. Loaded Objects now: 2374.
Total: 2.557500 ms (FindLiveObjects: 0.293700 ms CreateObjectMapping: 0.124700 ms MarkObjects: 2.027100 ms  DeleteObjects: 0.110200 ms)

========================================================================
Received Import Request.
  Time since last request: 987.062759 seconds.
  path: Assets/Prefab/Outline.prefab
  artifactKey: Guid(2c794733d87e6d648800d0dd66f7fa90) Importer(815301076,1909f56bfc062723c751e8b465ee728b)
Start importing Assets/Prefab/Outline.prefab using Guid(2c794733d87e6d648800d0dd66f7fa90) Importer(815301076,1909f56bfc062723c751e8b465ee728b)  -> (artifact id: 'a779e972d678af39c6f3bbb274a16444') in 0.041181 seconds
  Import took 0.045021 seconds .

========================================================================
Received Import Request.
  Time since last request: 5.938435 seconds.
  path: Assets/Prefab/Outline.prefab
  artifactKey: Guid(2c794733d87e6d648800d0dd66f7fa90) Importer(815301076,1909f56bfc062723c751e8b465ee728b)
Start importing Assets/Prefab/Outline.prefab using Guid(2c794733d87e6d648800d0dd66f7fa90) Importer(815301076,1909f56bfc062723c751e8b465ee728b)  -> (artifact id: 'f6e63340bbf167355aa2b9a3ed6bd1a3') in 0.003715 seconds
  Import took 0.007335 seconds .

========================================================================
Received Import Request.
  Time since last request: 0.016649 seconds.
  path: Assets/Prefab/Outline.prefab
  artifactKey: Guid(2c794733d87e6d648800d0dd66f7fa90) Importer(815301076,1909f56bfc062723c751e8b465ee728b)
Start importing Assets/Prefab/Outline.prefab using Guid(2c794733d87e6d648800d0dd66f7fa90) Importer(815301076,1909f56bfc062723c751e8b465ee728b)  -> (artifact id: 'f6e63340bbf167355aa2b9a3ed6bd1a3') in 0.004285 seconds
  Import took 0.008075 seconds .

========================================================================
Received Import Request.
  Time since last request: 2.765417 seconds.
  path: Assets/Prefab/Outline.prefab
  artifactKey: Guid(2c794733d87e6d648800d0dd66f7fa90) Importer(815301076,1909f56bfc062723c751e8b465ee728b)
Start importing Assets/Prefab/Outline.prefab using Guid(2c794733d87e6d648800d0dd66f7fa90) Importer(815301076,1909f56bfc062723c751e8b465ee728b)  -> (artifact id: 'e1c64e157f18f62f348d61a253c9a5a4') in 0.005197 seconds
  Import took 0.008617 seconds .

========================================================================
Received Prepare
Registering precompiled user dll's ...
Registered in 0.001437 seconds.
Begin MonoManager ReloadAssembly
Native extension for WindowsStandalone target not found
Refreshing native plugins compatible for Editor in 0.38 ms, found 2 plugins.
Preloading 0 native plugins for Editor in 0.00 ms.
Mono: successfully reloaded assembly
- Completed reload, in  0.851 seconds
Platform modules already initialized, skipping
Refreshing native plugins compatible for Editor in 0.58 ms, found 2 plugins.
Preloading 0 native plugins for Editor in 0.00 ms.
Unloading 1893 Unused Serialized files (Serialized files now loaded: 0)
System memory in use before: 88.2 MB.
System memory in use after: 88.2 MB.

Unloading 13 unused Assets to reduce memory usage. Loaded Objects now: 2379.
Total: 2.591200 ms (FindLiveObjects: 0.337100 ms CreateObjectMapping: 0.117500 ms MarkObjects: 2.024500 ms  DeleteObjects: 0.110000 ms)

========================================================================
Received Prepare
Registering precompiled user dll's ...
Registered in 0.001325 seconds.
Begin MonoManager ReloadAssembly
Native extension for WindowsStandalone target not found
Refreshing native plugins compatible for Editor in 0.44 ms, found 2 plugins.
Preloading 0 native plugins for Editor in 0.00 ms.
Mono: successfully reloaded assembly
- Completed reload, in  0.901 seconds
Platform modules already initialized, skipping
Refreshing native plugins compatible for Editor in 0.39 ms, found 2 plugins.
Preloading 0 native plugins for Editor in 0.00 ms.
Unloading 1893 Unused Serialized files (Serialized files now loaded: 0)
System memory in use before: 88.3 MB.
System memory in use after: 88.2 MB.

Unloading 13 unused Assets to reduce memory usage. Loaded Objects now: 2384.
Total: 2.357300 ms (FindLiveObjects: 0.237400 ms CreateObjectMapping: 0.116300 ms MarkObjects: 1.841200 ms  DeleteObjects: 0.160600 ms)

========================================================================
Received Prepare
Registering precompiled user dll's ...
Registered in 0.002067 seconds.
Begin MonoManager ReloadAssembly
Native extension for WindowsStandalone target not found
Refreshing native plugins compatible for Editor in 0.37 ms, found 2 plugins.
Preloading 0 native plugins for Editor in 0.00 ms.
Mono: successfully reloaded assembly
- Completed reload, in  0.884 seconds
Platform modules already initialized, skipping
Refreshing native plugins compatible for Editor in 0.45 ms, found 2 plugins.
Preloading 0 native plugins for Editor in 0.00 ms.
Unloading 1893 Unused Serialized files (Serialized files now loaded: 0)
System memory in use before: 88.3 MB.
System memory in use after: 88.2 MB.

Unloading 13 unused Assets to reduce memory usage. Loaded Objects now: 2389.
Total: 2.061800 ms (FindLiveObjects: 0.245600 ms CreateObjectMapping: 0.082400 ms MarkObjects: 1.641100 ms  DeleteObjects: 0.091200 ms)

========================================================================
Received Prepare
Refreshing native plugins compatible for Editor in 2.07 ms, found 2 plugins.
Preloading 0 native plugins for Editor in 0.00 ms.
Unloading 10 Unused Serialized files (Serialized files now loaded: 0)
System memory in use before: 51.0 MB.
System memory in use after: 51.0 MB.

Unloading 10 unused Assets to reduce memory usage. Loaded Objects now: 2389.
Total: 2.639500 ms (FindLiveObjects: 0.273100 ms CreateObjectMapping: 0.071200 ms MarkObjects: 2.194100 ms  DeleteObjects: 0.099900 ms)

AssetImportWorkerClient::OnTransportError - code=2 error=End of file
